# JRE version: Java(TM) SE Runtime Environment (19.0.2+7) (build 19.0.2+7-44)
# Java VM: Java HotSpot(TM) 64-Bit Server VM (19.0.2+7-44, mixed mode, sharing, tiered, compressed oops, compressed class ptrs, g1 gc, windows-amd64)
GC Precious Log:
 CardTable entry size: 512
 Card Set container configuration: InlinePtr #cards 4 size 8 Array Of Cards #cards 16 size 48 Howl #buckets 8 coarsen threshold 3686 Howl Bitmap #cards 512 size 80 coarsen threshold 460 Card regions per heap region 1 cards per card region 4096
 CPUs: 8 total, 8 available
 Memory: 12081M
 Large Page Support: Disabled
 NUMA Support: Disabled
 Compressed Oops: Enabled (Zero based)
 Heap Region Size: 2M
 Heap Min Capacity: 8M
 Heap Initial Capacity: 190M
 Heap Max Capacity: 3022M
 Pre-touch: Disabled
 Parallel Workers: 8
 Concurrent Workers: 2
 Concurrent Refinement Workers: 8
 Periodic GC: Disabled
Heap:
 garbage-first heap   total 649216K, used 470131K [0x0000000743200000, 0x0000000800000000)
  region size 2048K, 45 young (92160K), 7 survivors (14336K)
 Metaspace       used 113147K, committed 114688K, reserved 1179648K
  class space    used 13210K, committed 13952K, reserved 1048576K
GC Heap History (20 events):
Event: 5856.400 GC heap after
{Heap after GC invocations=205 (full 41):
 garbage-first heap   total 602112K, used 364102K [0x0000000743200000, 0x0000000800000000)
  region size 2048K, 7 young (14336K), 7 survivors (14336K)
 Metaspace       used 111923K, committed 113344K, reserved 1179648K
  class space    used 13134K, committed 13824K, reserved 1048576K
}
Event: 5861.094 GC heap before
{Heap before GC invocations=205 (full 41):
 garbage-first heap   total 602112K, used 460358K [0x0000000743200000, 0x0000000800000000)
  region size 2048K, 55 young (112640K), 7 survivors (14336K)
 Metaspace       used 111952K, committed 113344K, reserved 1179648K
  class space    used 13135K, committed 13824K, reserved 1048576K
}
Event: 5861.269 GC heap after
{Heap after GC invocations=206 (full 42):
 garbage-first heap   total 614400K, used 360988K [0x0000000743200000, 0x0000000800000000)
  region size 2048K, 0 young (0K), 0 survivors (0K)
 Metaspace       used 111948K, committed 113344K, reserved 1179648K
  class space    used 13134K, committed 13824K, reserved 1048576K
}
Event: 5862.219 GC heap before
{Heap before GC invocations=206 (full 42):
 garbage-first heap   total 614400K, used 524828K [0x0000000743200000, 0x0000000800000000)
  region size 2048K, 80 young (163840K), 0 survivors (0K)
 Metaspace       used 112388K, committed 113856K, reserved 1179648K
  class space    used 13165K, committed 13888K, reserved 1048576K
}
Event: 5862.226 GC heap after
{Heap after GC invocations=207 (full 42):
 garbage-first heap   total 614400K, used 370039K [0x0000000743200000, 0x0000000800000000)
  region size 2048K, 5 young (10240K), 5 survivors (10240K)
 Metaspace       used 112388K, committed 113856K, reserved 1179648K
  class space    used 13165K, committed 13888K, reserved 1048576K
}
Event: 5862.936 GC heap before
{Heap before GC invocations=207 (full 42):
 garbage-first heap   total 614400K, used 523639K [0x0000000743200000, 0x0000000800000000)
  region size 2048K, 80 young (163840K), 5 survivors (10240K)
 Metaspace       used 112461K, committed 113920K, reserved 1179648K
  class space    used 13168K, committed 13888K, reserved 1048576K
}
Event: 5862.943 GC heap after
{Heap after GC invocations=208 (full 42):
 garbage-first heap   total 614400K, used 374169K [0x0000000743200000, 0x0000000800000000)
  region size 2048K, 7 young (14336K), 7 survivors (14336K)
 Metaspace       used 112461K, committed 113920K, reserved 1179648K
  class space    used 13168K, committed 13888K, reserved 1048576K
}
Event: 5888.440 GC heap before
{Heap before GC invocations=208 (full 42):
 garbage-first heap   total 614400K, used 466329K [0x0000000743200000, 0x0000000800000000)
  region size 2048K, 53 young (108544K), 7 survivors (14336K)
 Metaspace       used 112496K, committed 113984K, reserved 1179648K
  class space    used 13170K, committed 13888K, reserved 1048576K
}
Event: 5888.661 GC heap after
{Heap after GC invocations=209 (full 43):
 garbage-first heap   total 628736K, used 371021K [0x0000000743200000, 0x0000000800000000)
  region size 2048K, 0 young (0K), 0 survivors (0K)
 Metaspace       used 112492K, committed 113984K, reserved 1179648K
  class space    used 13169K, committed 13888K, reserved 1048576K
}
Event: 5889.556 GC heap before
{Heap before GC invocations=209 (full 43):
 garbage-first heap   total 628736K, used 534861K [0x0000000743200000, 0x0000000800000000)
  region size 2048K, 81 young (165888K), 0 survivors (0K)
 Metaspace       used 112780K, committed 114304K, reserved 1179648K
  class space    used 13188K, committed 13952K, reserved 1048576K
}
Event: 5889.562 GC heap after
{Heap after GC invocations=210 (full 43):
 garbage-first heap   total 628736K, used 380083K [0x0000000743200000, 0x0000000800000000)
  region size 2048K, 5 young (10240K), 5 survivors (10240K)
 Metaspace       used 112780K, committed 114304K, reserved 1179648K
  class space    used 13188K, committed 13952K, reserved 1048576K
}
Event: 5890.249 GC heap before
{Heap before GC invocations=210 (full 43):
 garbage-first heap   total 628736K, used 537779K [0x0000000743200000, 0x0000000800000000)
  region size 2048K, 82 young (167936K), 5 survivors (10240K)
 Metaspace       used 112808K, committed 114368K, reserved 1179648K
  class space    used 13189K, committed 13952K, reserved 1048576K
}
Event: 5890.258 GC heap after
{Heap after GC invocations=211 (full 43):
 garbage-first heap   total 628736K, used 384438K [0x0000000743200000, 0x0000000800000000)
  region size 2048K, 7 young (14336K), 7 survivors (14336K)
 Metaspace       used 112808K, committed 114368K, reserved 1179648K
  class space    used 13189K, committed 13952K, reserved 1048576K
}
Event: 5900.064 GC heap before
{Heap before GC invocations=211 (full 43):
 garbage-first heap   total 628736K, used 470454K [0x0000000743200000, 0x0000000800000000)
  region size 2048K, 50 young (102400K), 7 survivors (14336K)
 Metaspace       used 112815K, committed 114368K, reserved 1179648K
  class space    used 13189K, committed 13952K, reserved 1048576K
}
Event: 5900.288 GC heap after
{Heap after GC invocations=212 (full 44):
 garbage-first heap   total 649216K, used 380453K [0x0000000743200000, 0x0000000800000000)
  region size 2048K, 0 young (0K), 0 survivors (0K)
 Metaspace       used 112811K, committed 114368K, reserved 1179648K
  class space    used 13189K, committed 13952K, reserved 1048576K
}
Event: 5901.216 GC heap before
{Heap before GC invocations=212 (full 44):
 garbage-first heap   total 649216K, used 548389K [0x0000000743200000, 0x0000000800000000)
  region size 2048K, 83 young (169984K), 0 survivors (0K)
 Metaspace       used 113114K, committed 114624K, reserved 1179648K
  class space    used 13209K, committed 13952K, reserved 1048576K
}
Event: 5901.223 GC heap after
{Heap after GC invocations=213 (full 44):
 garbage-first heap   total 649216K, used 390112K [0x0000000743200000, 0x0000000800000000)
  region size 2048K, 5 young (10240K), 5 survivors (10240K)
 Metaspace       used 113114K, committed 114624K, reserved 1179648K
  class space    used 13209K, committed 13952K, reserved 1048576K
}
Event: 5901.923 GC heap before
{Heap before GC invocations=213 (full 44):
 garbage-first heap   total 649216K, used 553952K [0x0000000743200000, 0x0000000800000000)
  region size 2048K, 85 young (174080K), 5 survivors (10240K)
 Metaspace       used 113140K, committed 114688K, reserved 1179648K
  class space    used 13209K, committed 13952K, reserved 1048576K
}
Event: 5901.931 GC heap after
{Heap after GC invocations=214 (full 44):
 garbage-first heap   total 649216K, used 394355K [0x0000000743200000, 0x0000000800000000)
  region size 2048K, 7 young (14336K), 7 survivors (14336K)
 Metaspace       used 113140K, committed 114688K, reserved 1179648K
  class space    used 13209K, committed 13952K, reserved 1048576K
}
Event: 5913.631 GC heap before
{Heap before GC invocations=214 (full 44):
 garbage-first heap   total 649216K, used 470131K [0x0000000743200000, 0x0000000800000000)
  region size 2048K, 45 young (92160K), 7 survivors (14336K)
 Metaspace       used 113147K, committed 114688K, reserved 1179648K
  class space    used 13210K, committed 13952K, reserved 1048576K
}

